2026-02-26 14:10:35,729 [INFO] Migration starting - Using database: C:\Users\box3d\OneDrive\isabella_ai_clone\users.db
2026-02-26 14:10:35,729 [INFO] DB file exists? True
2026-02-26 14:10:35,730 [INFO] Connected to database successfully
2026-02-26 14:10:35,751 [INFO] Added column 'is_verified' to users table (email verification)
2026-02-26 14:10:35,770 [INFO] Added legacy column 'verified' to users table
2026-02-26 14:10:35,770 [INFO] 'flagged' column already exists in users
2026-02-26 14:10:35,771 [INFO] user_pics table already exists - checking columns
2026-02-26 14:10:35,771 [INFO] 'pic_count_this_month' already exists
2026-02-26 14:10:35,773 [INFO] 'month_year' already exists
2026-02-26 14:10:35,773 [INFO] 'seen_pics' already exists
2026-02-26 14:10:35,773 [INFO] 'last_pic_timestamp' already exists
2026-02-26 14:10:35,774 [INFO] violations table already exists
2026-02-26 14:10:35,814 [INFO] Added useful indexes
2026-02-26 14:10:35,815 [INFO] Migration completed successfully!
2026-02-26 14:10:35,815 [INFO] Database connection closed
2026-02-26 15:13:54,585 [INFO] Migration starting - Using database: C:\Users\box3d\OneDrive\isabella_ai_clone\users.db
2026-02-26 15:13:54,586 [INFO] DB file exists? True
2026-02-26 15:13:54,586 [INFO] Connected to database successfully
2026-02-26 15:13:54,598 [INFO] Added column 'is_verified' to users table (email verification)
2026-02-26 15:13:54,612 [INFO] Added legacy column 'verified' to users table
2026-02-26 15:13:54,612 [INFO] 'flagged' column already exists in users
2026-02-26 15:13:54,613 [INFO] user_pics table already exists - checking columns
2026-02-26 15:13:54,613 [INFO] 'pic_count_this_month' already exists
2026-02-26 15:13:54,613 [INFO] 'month_year' already exists
2026-02-26 15:13:54,613 [INFO] 'seen_pics' already exists
2026-02-26 15:13:54,613 [INFO] 'last_pic_timestamp' already exists
2026-02-26 15:13:54,614 [INFO] violations table already exists
2026-02-26 15:13:54,641 [INFO] Added useful indexes
2026-02-26 15:13:54,641 [INFO] Migration completed successfully!
2026-02-26 15:13:54,641 [INFO] Database connection closed
2026-03-06 14:41:21,573 [INFO] Migration starting - Using database: C:\Users\box3d\OneDrive\isabella_ai_clone\users.db
2026-03-06 14:41:21,576 [INFO] DB file exists? True
2026-03-06 14:41:21,576 [INFO] Connected to database successfully
2026-03-06 14:41:21,577 [WARNING] Found legacy 'is_verified' column - consider dropping it manually if no longer needed
2026-03-06 14:41:21,577 [WARNING] Found legacy 'verified' column - consider dropping it manually
2026-03-06 14:41:21,596 [INFO] Added column 'phone' to users table (E.164 format)
2026-03-06 14:41:21,611 [INFO] Added column 'is_phone_verified' to users table (0 = unverified, 1 = verified)
2026-03-06 14:41:21,625 [INFO] Added column 'phone_verified_at' for verification timestamp
2026-03-06 14:41:21,626 [INFO] user_pics table already exists
2026-03-06 14:41:21,627 [INFO] violations table already exists
2026-03-06 14:41:21,643 [INFO] Added useful indexes
2026-03-06 14:41:21,643 [INFO] Migration completed successfully!
2026-03-06 14:41:21,643 [INFO] Database connection closed
2026-03-09 18:52:07,375 [INFO] Migration starting - Using database: C:\Users\box3d\OneDrive\isabella_ai_clone\users.db
2026-03-09 18:52:07,376 [INFO] DB file exists? True
2026-03-09 18:52:07,377 [INFO] Connected to database successfully
2026-03-09 18:52:07,378 [WARNING] Found legacy 'is_verified' column - consider dropping it manually if no longer needed
2026-03-09 18:52:07,378 [WARNING] Found legacy 'verified' column - consider dropping it manually
2026-03-09 18:52:07,380 [INFO] user_pics table already exists
2026-03-09 18:52:07,380 [INFO] violations table already exists
2026-03-09 18:52:07,380 [INFO] Added useful indexes
2026-03-09 18:52:07,380 [INFO] Migration completed successfully!
2026-03-09 18:52:07,380 [INFO] Database connection closed
2026-03-09 23:18:36,798 [INFO] Migration starting - Using database: C:\Users\box3d\OneDrive\isabella_ai_clone\users.db
2026-03-09 23:18:36,798 [INFO] DB file exists? True
2026-03-09 23:18:36,798 [INFO] Connected to database successfully
2026-03-09 23:18:36,799 [WARNING] Found legacy column 'phone' - consider dropping it manually if no longer needed
2026-03-09 23:18:36,799 [WARNING] Found legacy column 'is_phone_verified' - consider dropping it manually if no longer needed
2026-03-09 23:18:36,799 [WARNING] Found legacy column 'phone_verified_at' - consider dropping it manually if no longer needed
2026-03-09 23:18:36,821 [INFO] Added column 'is_email_verified' to users table (0 = unverified, 1 = verified)
2026-03-09 23:18:36,838 [INFO] Added column 'email_verified_at' for email verification timestamp
2026-03-09 23:18:36,838 [INFO] user_pics table already exists
2026-03-09 23:18:36,839 [INFO] violations table already exists
2026-03-09 23:18:36,839 [INFO] Migration completed successfully!
2026-03-09 23:18:36,839 [INFO] Database connection closed
2026-03-09 23:39:26,023 [INFO] Migration starting - Using database: C:\Users\box3d\OneDrive\isabella_ai_clone\users.db
2026-03-09 23:39:26,024 [INFO] DB file exists? True
2026-03-09 23:39:26,024 [INFO] Connected to database successfully
2026-03-09 23:39:26,025 [WARNING] Found legacy verification column 'is_email_verified' - consider dropping it manually if no longer needed (SQLite does not support DROP COLUMN easily)
2026-03-09 23:39:26,025 [WARNING] Found legacy verification column 'email_verified_at' - consider dropping it manually if no longer needed (SQLite does not support DROP COLUMN easily)
2026-03-09 23:39:26,026 [WARNING] Found legacy verification column 'phone' - consider dropping it manually if no longer needed (SQLite does not support DROP COLUMN easily)
2026-03-09 23:39:26,026 [WARNING] Found legacy verification column 'is_phone_verified' - consider dropping it manually if no longer needed (SQLite does not support DROP COLUMN easily)
2026-03-09 23:39:26,026 [WARNING] Found legacy verification column 'phone_verified_at' - consider dropping it manually if no longer needed (SQLite does not support DROP COLUMN easily)
2026-03-09 23:39:26,026 [INFO] Users table columns verified (no verification fields added)
2026-03-09 23:39:26,027 [INFO] user_pics table already exists
2026-03-09 23:39:26,027 [INFO] violations table already exists
2026-03-09 23:39:26,028 [INFO] Migration completed successfully!
2026-03-09 23:39:26,028 [INFO] Database connection closed
2026-03-16 13:43:32,164 [INFO] Migration starting - Using database: C:\Users\box3d\OneDrive\isabella_ai_clone\users.db
2026-03-16 13:43:32,167 [INFO] DB file exists? True
2026-03-16 13:43:32,167 [INFO] Connected to database successfully
2026-03-16 13:43:32,169 [WARNING] Found legacy verification column 'is_email_verified' - consider dropping it manually if no longer needed (SQLite does not support DROP COLUMN easily)
2026-03-16 13:43:32,169 [WARNING] Found legacy verification column 'email_verified_at' - consider dropping it manually if no longer needed (SQLite does not support DROP COLUMN easily)
2026-03-16 13:43:32,170 [WARNING] Found legacy verification column 'phone' - consider dropping it manually if no longer needed (SQLite does not support DROP COLUMN easily)
2026-03-16 13:43:32,170 [WARNING] Found legacy verification column 'is_phone_verified' - consider dropping it manually if no longer needed (SQLite does not support DROP COLUMN easily)
2026-03-16 13:43:32,170 [WARNING] Found legacy verification column 'phone_verified_at' - consider dropping it manually if no longer needed (SQLite does not support DROP COLUMN easily)
2026-03-16 13:43:32,170 [INFO] Users table columns verified (no verification fields added)
2026-03-16 13:43:32,171 [INFO] user_pics table already exists
2026-03-16 13:43:32,171 [INFO] violations table already exists
2026-03-16 13:43:32,172 [INFO] Migration completed successfully!
2026-03-16 13:43:32,172 [INFO] Database connection closed
2026-03-16 14:04:57,097 [INFO] Migration starting - Using database: C:\Users\box3d\OneDrive\isabella_ai_clone\users.db
2026-03-16 14:04:57,097 [INFO] DB file exists? True
2026-03-16 14:04:57,098 [INFO] Connected to database successfully
2026-03-16 14:04:57,098 [INFO] Migrating users table...
2026-03-16 14:04:57,099 [ERROR] SQLite error during migration: Cannot add a NOT NULL column with default value NULL
2026-03-16 14:04:57,099 [INFO] Database connection closed
2026-03-16 14:05:56,280 [INFO] Migration starting - Using database: C:\Users\box3d\OneDrive\isabella_ai_clone\users.db
2026-03-16 14:05:56,280 [INFO] DB file exists? True
2026-03-16 14:05:56,281 [INFO] Connected to database successfully
2026-03-16 14:05:56,281 [INFO] Migrating users table...
2026-03-16 14:05:56,295 [INFO] Added column 'first_name' to users table (nullable)
2026-03-16 14:05:56,296 [INFO] Set default 'User' for existing rows in first_name
2026-03-16 14:05:56,296 [INFO] Added column 'last_name' to users table
2026-03-16 14:05:56,296 [WARNING] Found legacy column 'is_email_verified' - consider dropping manually if unused (SQLite does not support DROP COLUMN easily)
2026-03-16 14:05:56,296 [WARNING] Found legacy column 'email_verified_at' - consider dropping manually if unused (SQLite does not support DROP COLUMN easily)
2026-03-16 14:05:56,298 [WARNING] Found legacy column 'phone' - consider dropping manually if unused (SQLite does not support DROP COLUMN easily)
2026-03-16 14:05:56,298 [WARNING] Found legacy column 'is_phone_verified' - consider dropping manually if unused (SQLite does not support DROP COLUMN easily)
2026-03-16 14:05:56,298 [WARNING] Found legacy column 'phone_verified_at' - consider dropping manually if unused (SQLite does not support DROP COLUMN easily)
2026-03-16 14:05:56,298 [INFO] morning_sent table already exists
2026-03-16 14:05:56,298 [INFO] user_activity_days table already exists
2026-03-16 14:05:56,299 [INFO] teaser_sent table already exists
2026-03-16 14:05:56,299 [INFO] user_pics table already exists
2026-03-16 14:05:56,299 [INFO] violations table already exists
2026-03-16 14:05:56,314 [INFO] Migration completed successfully!
2026-03-16 14:05:56,315 [INFO] Database connection closed
2026-06-09 14:33:04,972 [INFO] Using SQLite database: users.db
2026-06-09 14:33:04,978 [ERROR] Migration error: no such column: convo_id
2026-06-09 14:34:42,173 [INFO] Using SQLite database: users.db
